<?xml version="1.0" encoding="UTF-8"?>
<!-- Generated by org.testng.reporters.JUnitReportReporter -->
<testsuite skipped="0" hostname="DESKTOP-0ILKHG4" name="anandrathiTestCases.TestCase3b" tests="1" failures="0" timestamp="09 Jul 2019 13:03:14 GMT" time="48.558" errors="0">
  <testcase name="BuyOrder" time="48.558" classname="anandrathiTestCases.TestCase3b"/>
</testsuite> <!-- anandrathiTestCases.TestCase3b -->
