<?xml version="1.0" encoding="UTF-8"?>
<!-- Generated by org.testng.reporters.JUnitReportReporter -->
<testsuite skipped="0" hostname="DESKTOP-0ILKHG4" name="anandrathiTestCasesEquity.EquityTestCase2b" tests="1" failures="0" timestamp="12 Jul 2019 08:25:35 GMT" time="50.591" errors="0">
  <testcase name="SellOrder" time="50.591" classname="anandrathiTestCasesEquity.EquityTestCase2b"/>
</testsuite> <!-- anandrathiTestCasesEquity.EquityTestCase2b -->
