<?xml version="1.0" encoding="UTF-8"?>
<!-- Generated by org.testng.reporters.JUnitReportReporter -->
<testsuite skipped="0" hostname="DESKTOP-0ILKHG4" name="anandrathiTestCasesEquity.EquityTestCase1b" tests="1" failures="0" timestamp="12 Jul 2019 08:09:03 GMT" time="57.840" errors="0">
  <testcase name="SellOrder" time="57.840" classname="anandrathiTestCasesEquity.EquityTestCase1b"/>
</testsuite> <!-- anandrathiTestCasesEquity.EquityTestCase1b -->
