<?xml version="1.0" encoding="UTF-8"?>
<!-- Generated by org.testng.reporters.JUnitReportReporter -->
<testsuite skipped="0" hostname="DESKTOP-0ILKHG4" name="arTestCaseFUTSTK.FUTSTKTestCase13" tests="1" failures="0" timestamp="24 Jul 2019 13:46:35 GMT" time="31.971" errors="0">
  <testcase name="BuyOrder" time="31.971" classname="arTestCaseFUTSTK.FUTSTKTestCase13"/>
</testsuite> <!-- arTestCaseFUTSTK.FUTSTKTestCase13 -->
