<?xml version="1.0" encoding="UTF-8"?>
<!-- Generated by org.testng.reporters.JUnitReportReporter -->
<testsuite skipped="0" hostname="DESKTOP-0ILKHG4" name="anandrathiTestCasesFUTCUR.FUTCURTestCase19" tests="1" failures="0" timestamp="17 Jul 2019 07:38:47 GMT" time="46.963" errors="0">
  <testcase name="BuyOrder" time="46.963" classname="anandrathiTestCasesFUTCUR.FUTCURTestCase19"/>
</testsuite> <!-- anandrathiTestCasesFUTCUR.FUTCURTestCase19 -->
