<?xml version="1.0" encoding="UTF-8"?>
<!-- Generated by org.testng.reporters.JUnitReportReporter -->
<testsuite skipped="0" hostname="DESKTOP-0ILKHG4" name="arTestCaseEquity.EquityTestCase27" tests="1" failures="0" timestamp="16 Jul 2019 10:00:20 GMT" time="50.323" errors="0">
  <testcase name="BuyOrder" time="50.323" classname="arTestCaseEquity.EquityTestCase27"/>
</testsuite> <!-- arTestCaseEquity.EquityTestCase27 -->
