<?xml version="1.0" encoding="UTF-8"?>
<!-- Generated by org.testng.reporters.JUnitReportReporter -->
<testsuite skipped="0" hostname="DESKTOP-0ILKHG4" name="arTestCaseEquity.EquityTestCase2" tests="1" failures="0" timestamp="16 Jul 2019 10:00:20 GMT" time="49.858" errors="0">
  <testcase name="SellOrder" time="49.858" classname="arTestCaseEquity.EquityTestCase2"/>
</testsuite> <!-- arTestCaseEquity.EquityTestCase2 -->
