<?xml version="1.0" encoding="UTF-8"?>
<!-- Generated by org.testng.reporters.JUnitReportReporter -->
<testsuite skipped="0" hostname="DESKTOP-0ILKHG4" name="anandrathiTestCasesFUTCUR.FUTCURTestCase8" tests="1" failures="0" timestamp="16 Jul 2019 11:57:52 GMT" time="25.929" errors="0">
  <testcase name="SellOrder" time="25.929" classname="anandrathiTestCasesFUTCUR.FUTCURTestCase8"/>
</testsuite> <!-- anandrathiTestCasesFUTCUR.FUTCURTestCase8 -->
