<?xml version="1.0" encoding="UTF-8"?>
<!-- Generated by org.testng.reporters.JUnitReportReporter -->
<testsuite skipped="0" hostname="DESKTOP-0ILKHG4" name="anandrathiTestCasesEquity.EquityTestCase3c" tests="1" failures="0" timestamp="12 Jul 2019 10:31:20 GMT" time="50.592" errors="0">
  <testcase name="BuyOrder" time="50.592" classname="anandrathiTestCasesEquity.EquityTestCase3c"/>
</testsuite> <!-- anandrathiTestCasesEquity.EquityTestCase3c -->
