<?xml version="1.0" encoding="UTF-8"?>
<!-- Generated by org.testng.reporters.JUnitReportReporter -->
<testsuite skipped="0" hostname="DESKTOP-0ILKHG4" name="arTestCaseEquity.EquityTestCase23" tests="1" failures="0" timestamp="16 Jul 2019 10:00:20 GMT" time="45.254" errors="0">
  <testcase name="BuyOrder" time="45.254" classname="arTestCaseEquity.EquityTestCase23"/>
</testsuite> <!-- arTestCaseEquity.EquityTestCase23 -->
