<?xml version="1.0" encoding="UTF-8"?>
<!-- Generated by org.testng.reporters.JUnitReportReporter -->
<testsuite skipped="0" hostname="DESKTOP-0ILKHG4" name="anandrathiTestCasesEquity.EquityTestCase4a" tests="1" failures="0" timestamp="12 Jul 2019 08:35:05 GMT" time="25.876" errors="0">
  <testcase name="BuyOrder" time="25.876" classname="anandrathiTestCasesEquity.EquityTestCase4a"/>
</testsuite> <!-- anandrathiTestCasesEquity.EquityTestCase4a -->
