<?xml version="1.0" encoding="UTF-8"?>
<!-- Generated by org.testng.reporters.JUnitReportReporter -->
<testsuite skipped="0" hostname="DESKTOP-0ILKHG4" name="anandrathiTestCasesFUTCUR.FUTCURTestCase1b" tests="1" failures="0" timestamp="10 Jul 2019 13:22:24 GMT" time="55.915" errors="0">
  <testcase name="SellOrder" time="55.915" classname="anandrathiTestCasesFUTCUR.FUTCURTestCase1b"/>
</testsuite> <!-- anandrathiTestCasesFUTCUR.FUTCURTestCase1b -->
