<?xml version="1.0" encoding="UTF-8"?>
<!-- Generated by org.testng.reporters.JUnitReportReporter -->
<testsuite skipped="0" hostname="DESKTOP-0ILKHG4" name="anandrathiTestCases.TestCase3a" tests="1" failures="0" timestamp="09 Jul 2019 13:01:41 GMT" time="51.024" errors="0">
  <testcase name="BuyOrder" time="51.024" classname="anandrathiTestCases.TestCase3a"/>
</testsuite> <!-- anandrathiTestCases.TestCase3a -->
