<?xml version="1.0" encoding="UTF-8"?>
<!-- Generated by org.testng.reporters.JUnitReportReporter -->
<testsuite skipped="0" hostname="DESKTOP-0ILKHG4" name="anandrathiTestCasesEquity.EquityTestCase7b" tests="1" failures="0" timestamp="12 Jul 2019 11:26:17 GMT" time="52.204" errors="0">
  <testcase name="BuyOrder" time="52.204" classname="anandrathiTestCasesEquity.EquityTestCase7b"/>
</testsuite> <!-- anandrathiTestCasesEquity.EquityTestCase7b -->
