<?xml version="1.0" encoding="UTF-8"?>
<!-- Generated by org.testng.reporters.JUnitReportReporter -->
<testsuite skipped="0" hostname="DESKTOP-0ILKHG4" name="anandrathiTestCasesFUTCUR.FUTCURTestCase16" tests="1" failures="0" timestamp="17 Jul 2019 04:31:24 GMT" time="28.119" errors="0">
  <testcase name="BuyOrder" time="28.119" classname="anandrathiTestCasesFUTCUR.FUTCURTestCase16"/>
</testsuite> <!-- anandrathiTestCasesFUTCUR.FUTCURTestCase16 -->
