<?xml version="1.0" encoding="UTF-8"?>
<!-- Generated by org.testng.reporters.JUnitReportReporter -->
<testsuite skipped="0" hostname="DESKTOP-0ILKHG4" name="anandrathiTestCasesEquity.EquityTestCase6a" tests="1" failures="0" timestamp="12 Jul 2019 10:04:54 GMT" time="51.885" errors="0">
  <testcase name="BuyOrder" time="51.885" classname="anandrathiTestCasesEquity.EquityTestCase6a"/>
</testsuite> <!-- anandrathiTestCasesEquity.EquityTestCase6a -->
