<?xml version="1.0" encoding="UTF-8"?>
<!-- Generated by org.testng.reporters.JUnitReportReporter -->
<testsuite skipped="0" hostname="DESKTOP-0ILKHG4" name="anandrathiTestCasesFUTCUR.FUTCURTestCase6" tests="1" failures="0" timestamp="22 Jul 2019 09:17:30 GMT" time="35.984" errors="0">
  <testcase name="SellOrder" time="35.984" classname="anandrathiTestCasesFUTCUR.FUTCURTestCase6"/>
</testsuite> <!-- anandrathiTestCasesFUTCUR.FUTCURTestCase6 -->
