<?xml version="1.0" encoding="UTF-8"?>
<!-- Generated by org.testng.reporters.JUnitReportReporter -->
<testsuite skipped="0" hostname="DESKTOP-0ILKHG4" name="arTestCaseEquity.EquityTestCase17" tests="1" failures="0" timestamp="16 Jul 2019 10:00:20 GMT" time="44.091" errors="0">
  <testcase name="BuyOrder" time="44.091" classname="arTestCaseEquity.EquityTestCase17"/>
</testsuite> <!-- arTestCaseEquity.EquityTestCase17 -->
