<?xml version="1.0" encoding="UTF-8"?>
<!-- Generated by org.testng.reporters.JUnitReportReporter -->
<testsuite skipped="0" hostname="DESKTOP-0ILKHG4" name="anandrathiTestCasesEquity.EquityTestCase5a" tests="1" failures="0" timestamp="12 Jul 2019 09:59:53 GMT" time="48.974" errors="0">
  <testcase name="BuyOrder" time="48.974" classname="anandrathiTestCasesEquity.EquityTestCase5a"/>
</testsuite> <!-- anandrathiTestCasesEquity.EquityTestCase5a -->
