<?xml version="1.0" encoding="UTF-8"?>
<!-- Generated by org.testng.reporters.JUnitReportReporter -->
<testsuite skipped="0" hostname="DESKTOP-0ILKHG4" name="anandrathiTestCasesFUTCUR.FUTCURTestCase5" tests="1" failures="0" timestamp="22 Jul 2019 09:15:23 GMT" time="29.870" errors="0">
  <testcase name="BuyOrder" time="29.870" classname="anandrathiTestCasesFUTCUR.FUTCURTestCase5"/>
</testsuite> <!-- anandrathiTestCasesFUTCUR.FUTCURTestCase5 -->
