<?xml version="1.0" encoding="UTF-8"?>
<!-- Generated by org.testng.reporters.JUnitReportReporter -->
<testsuite skipped="0" hostname="DESKTOP-0ILKHG4" name="anandrathiTestCasesFUTCUR.FUTCURTestCase4b" tests="1" failures="0" timestamp="11 Jul 2019 07:07:49 GMT" time="27.812" errors="0">
  <testcase name="BuyOrder" time="27.812" classname="anandrathiTestCasesFUTCUR.FUTCURTestCase4b"/>
</testsuite> <!-- anandrathiTestCasesFUTCUR.FUTCURTestCase4b -->
