<?xml version="1.0" encoding="UTF-8"?>
<!-- Generated by org.testng.reporters.JUnitReportReporter -->
<testsuite skipped="0" hostname="DESKTOP-0ILKHG4" name="anandrathiTestCases.TestCase2b" tests="1" failures="0" timestamp="09 Jul 2019 13:01:41 GMT" time="49.231" errors="0">
  <testcase name="SellOrder" time="49.231" classname="anandrathiTestCases.TestCase2b"/>
</testsuite> <!-- anandrathiTestCases.TestCase2b -->
