<?xml version="1.0" encoding="UTF-8"?>
<!-- Generated by org.testng.reporters.JUnitReportReporter -->
<testsuite skipped="0" hostname="DESKTOP-0ILKHG4" name="anandrathiTestCasesFUTCUR.FUTCURTestCase6a" tests="1" failures="0" timestamp="11 Jul 2019 09:57:56 GMT" time="58.965" errors="0">
  <testcase name="BuyOrder" time="58.965" classname="anandrathiTestCasesFUTCUR.FUTCURTestCase6a"/>
</testsuite> <!-- anandrathiTestCasesFUTCUR.FUTCURTestCase6a -->
