<?xml version="1.0" encoding="UTF-8"?>
<!-- Generated by org.testng.reporters.JUnitReportReporter -->
<testsuite skipped="0" hostname="DESKTOP-0ILKHG4" name="arTestCaseEquity.EquityTestCase5" tests="1" failures="0" timestamp="16 Jul 2019 10:00:20 GMT" time="48.733" errors="0">
  <testcase name="BuyOrder" time="48.733" classname="arTestCaseEquity.EquityTestCase5"/>
</testsuite> <!-- arTestCaseEquity.EquityTestCase5 -->
