<?xml version="1.0" encoding="UTF-8"?>
<!-- Generated by org.testng.reporters.JUnitReportReporter -->
<testsuite skipped="0" hostname="DESKTOP-0ILKHG4" name="anandrathiTestCasesFUTCUR.FUTCURTestCase15" tests="1" failures="0" timestamp="16 Jul 2019 13:39:15 GMT" time="22.000" errors="0">
  <testcase name="BuyOrder" time="22.000" classname="anandrathiTestCasesFUTCUR.FUTCURTestCase15"/>
</testsuite> <!-- anandrathiTestCasesFUTCUR.FUTCURTestCase15 -->
