<?xml version="1.0" encoding="UTF-8"?>
<!-- Generated by org.testng.reporters.JUnitReportReporter -->
<testsuite skipped="0" hostname="DESKTOP-0ILKHG4" name="anandrathiTestCases.TestCase4b" tests="1" failures="0" timestamp="10 Jul 2019 07:50:13 GMT" time="34.415" errors="0">
  <testcase name="SellOrder" time="34.415" classname="anandrathiTestCases.TestCase4b"/>
</testsuite> <!-- anandrathiTestCases.TestCase4b -->
