<?xml version="1.0" encoding="UTF-8"?>
<!-- Generated by org.testng.reporters.JUnitReportReporter -->
<testsuite skipped="0" hostname="DESKTOP-0ILKHG4" name="anandrathiTestCasesEquity.EquityTestCase8a" tests="1" failures="0" timestamp="12 Jul 2019 11:36:51 GMT" time="50.239" errors="0">
  <testcase name="BuyOrder" time="50.239" classname="anandrathiTestCasesEquity.EquityTestCase8a"/>
</testsuite> <!-- anandrathiTestCasesEquity.EquityTestCase8a -->
