<?xml version="1.0" encoding="UTF-8"?>
<!-- Generated by org.testng.reporters.JUnitReportReporter -->
<testsuite skipped="0" hostname="DESKTOP-0ILKHG4" name="anandrathiTestCasesFUTCUR.FUTCURTestCase2a" tests="1" failures="0" timestamp="11 Jul 2019 05:39:44 GMT" time="58.121" errors="0">
  <testcase name="BuyOrder" time="58.121" classname="anandrathiTestCasesFUTCUR.FUTCURTestCase2a"/>
</testsuite> <!-- anandrathiTestCasesFUTCUR.FUTCURTestCase2a -->
