<?xml version="1.0" encoding="UTF-8"?>
<!-- Generated by org.testng.reporters.JUnitReportReporter -->
<testsuite skipped="0" hostname="DESKTOP-0ILKHG4" name="anandrathiTestCasesFUTCUR.FUTCURTestCase1a" tests="1" failures="0" timestamp="11 Jul 2019 05:36:16 GMT" time="49.843" errors="0">
  <testcase name="BuyOrder" time="49.843" classname="anandrathiTestCasesFUTCUR.FUTCURTestCase1a"/>
</testsuite> <!-- anandrathiTestCasesFUTCUR.FUTCURTestCase1a -->
