<?xml version="1.0" encoding="UTF-8"?>
<!-- Generated by org.testng.reporters.JUnitReportReporter -->
<testsuite skipped="0" hostname="DESKTOP-0ILKHG4" name="anandrathiTestCasesEquity.EquityTestCase8b" tests="1" failures="0" timestamp="12 Jul 2019 11:45:17 GMT" time="48.984" errors="0">
  <testcase name="BuyOrder" time="48.984" classname="anandrathiTestCasesEquity.EquityTestCase8b"/>
</testsuite> <!-- anandrathiTestCasesEquity.EquityTestCase8b -->
