<?xml version="1.0" encoding="UTF-8"?>
<!-- Generated by org.testng.reporters.JUnitReportReporter -->
<testsuite skipped="0" hostname="DESKTOP-0ILKHG4" name="anandrathiTestCasesFUTCUR.FUTCURTestCase2b" tests="1" failures="0" timestamp="11 Jul 2019 06:25:23 GMT" time="50.373" errors="0">
  <testcase name="BuyOrder" time="50.373" classname="anandrathiTestCasesFUTCUR.FUTCURTestCase2b"/>
</testsuite> <!-- anandrathiTestCasesFUTCUR.FUTCURTestCase2b -->
