<?xml version="1.0" encoding="UTF-8"?>
<!-- Generated by org.testng.reporters.JUnitReportReporter -->
<testsuite skipped="0" hostname="DESKTOP-0ILKHG4" name="anandrathiTestCasesEquity.EquityTestCase9a" tests="1" failures="0" timestamp="12 Jul 2019 11:54:12 GMT" time="49.164" errors="0">
  <testcase name="BuyOrder" time="49.164" classname="anandrathiTestCasesEquity.EquityTestCase9a"/>
</testsuite> <!-- anandrathiTestCasesEquity.EquityTestCase9a -->
