<?xml version="1.0" encoding="UTF-8"?>
<!-- Generated by org.testng.reporters.JUnitReportReporter -->
<testsuite skipped="0" hostname="DESKTOP-0ILKHG4" name="anandrathiTestCasesEquity.EquityTestCase2a" tests="1" failures="0" timestamp="12 Jul 2019 08:14:45 GMT" time="56.771" errors="0">
  <testcase name="BuyOrder" time="56.771" classname="anandrathiTestCasesEquity.EquityTestCase2a"/>
</testsuite> <!-- anandrathiTestCasesEquity.EquityTestCase2a -->
