<?xml version="1.0" encoding="UTF-8"?>
<!-- Generated by org.testng.reporters.JUnitReportReporter -->
<testsuite skipped="0" hostname="DESKTOP-0ILKHG4" name="anandrathiTestCasesFUTCUR.FUTCURTestCase8a" tests="1" failures="0" timestamp="11 Jul 2019 13:35:23 GMT" time="48.956" errors="0">
  <testcase name="BuyOrder" time="48.956" classname="anandrathiTestCasesFUTCUR.FUTCURTestCase8a"/>
</testsuite> <!-- anandrathiTestCasesFUTCUR.FUTCURTestCase8a -->
