<?xml version="1.0" encoding="UTF-8"?>
<!-- Generated by org.testng.reporters.JUnitReportReporter -->
<testsuite skipped="0" hostname="DESKTOP-0ILKHG4" name="anandrathiTestCasesFUTCUR.FUTCURTestCase7a" tests="1" failures="0" timestamp="11 Jul 2019 12:56:42 GMT" time="48.525" errors="0">
  <testcase name="BuyOrder" time="48.525" classname="anandrathiTestCasesFUTCUR.FUTCURTestCase7a"/>
</testsuite> <!-- anandrathiTestCasesFUTCUR.FUTCURTestCase7a -->
