<?xml version="1.0" encoding="UTF-8"?>
<!-- Generated by org.testng.reporters.JUnitReportReporter -->
<testsuite skipped="0" hostname="DESKTOP-0ILKHG4" name="testing.Test2" tests="1" failures="0" timestamp="22 Jul 2019 10:23:23 GMT" time="22.618" errors="0">
  <testcase name="BuyOrder" time="22.618" classname="testing.Test2"/>
</testsuite> <!-- testing.Test2 -->
