<?xml version="1.0" encoding="UTF-8"?>
<!-- Generated by org.testng.reporters.JUnitReportReporter -->
<testsuite skipped="0" hostname="DESKTOP-0ILKHG4" name="anandrathiTestCasesEquity.EquityTestCase4b" tests="1" failures="0" timestamp="12 Jul 2019 09:55:32 GMT" time="26.760" errors="0">
  <testcase name="SellOrder" time="26.760" classname="anandrathiTestCasesEquity.EquityTestCase4b"/>
</testsuite> <!-- anandrathiTestCasesEquity.EquityTestCase4b -->
