<?xml version="1.0" encoding="UTF-8"?>
<!-- Generated by org.testng.reporters.JUnitReportReporter -->
<testsuite skipped="0" hostname="DESKTOP-0ILKHG4" name="anandrathi.Newurl" tests="1" failures="0" timestamp="28 Jun 2019 13:03:12 GMT" time="26.195" errors="0">
  <testcase name="SellOrder1" time="26.195" classname="anandrathi.Newurl"/>
</testsuite> <!-- anandrathi.Newurl -->
