<?xml version="1.0" encoding="UTF-8"?>
<!-- Generated by org.testng.reporters.JUnitReportReporter -->
<testsuite skipped="0" hostname="DESKTOP-0ILKHG4" name="arTestCaseEquity.EquityTestCase7" tests="1" failures="0" timestamp="22 Jul 2019 07:52:48 GMT" time="34.767" errors="0">
  <testcase name="BuyOrder" time="34.767" classname="arTestCaseEquity.EquityTestCase7"/>
</testsuite> <!-- arTestCaseEquity.EquityTestCase7 -->
