<?xml version="1.0" encoding="UTF-8"?>
<!-- Generated by org.testng.reporters.JUnitReportReporter -->
<testsuite skipped="0" hostname="DESKTOP-0ILKHG4" name="anandrathiTestCasesFUTCUR.FUTCURTestCase1" tests="1" failures="0" timestamp="23 Jul 2019 10:00:20 GMT" time="72.191" errors="0">
  <testcase name="BuyOrder" time="72.191" classname="anandrathiTestCasesFUTCUR.FUTCURTestCase1"/>
</testsuite> <!-- anandrathiTestCasesFUTCUR.FUTCURTestCase1 -->
