<?xml version="1.0" encoding="UTF-8"?>
<!-- Generated by org.testng.reporters.JUnitReportReporter -->
<testsuite skipped="0" hostname="DESKTOP-0ILKHG4" name="arTestCaseEquity.EquityTestCase10" tests="1" failures="0" timestamp="22 Jul 2019 11:33:09 GMT" time="56.952" errors="0">
  <testcase name="BuyOrder" time="56.952" classname="arTestCaseEquity.EquityTestCase10"/>
</testsuite> <!-- arTestCaseEquity.EquityTestCase10 -->
