<?xml version="1.0" encoding="UTF-8"?>
<!-- Generated by org.testng.reporters.JUnitReportReporter -->
<testsuite skipped="0" hostname="DESKTOP-0ILKHG4" name="testing.Test1" tests="1" failures="0" timestamp="22 Jul 2019 07:08:35 GMT" time="29.355" errors="0">
  <testcase name="BuyOrder" time="29.355" classname="testing.Test1"/>
</testsuite> <!-- testing.Test1 -->
