<?xml version="1.0" encoding="UTF-8"?>
<!-- Generated by org.testng.reporters.JUnitReportReporter -->
<testsuite skipped="0" hostname="DESKTOP-0ILKHG4" name="anandrathiTestCasesFUTCUR.FUTCURTestCase8b" tests="1" failures="0" timestamp="11 Jul 2019 13:47:42 GMT" time="50.780" errors="0">
  <testcase name="BuyOrder" time="50.780" classname="anandrathiTestCasesFUTCUR.FUTCURTestCase8b"/>
</testsuite> <!-- anandrathiTestCasesFUTCUR.FUTCURTestCase8b -->
