<?xml version="1.0" encoding="UTF-8"?>
<!-- Generated by org.testng.reporters.JUnitReportReporter -->
<testsuite skipped="0" hostname="DESKTOP-0ILKHG4" name="arTestCaseEquity.EquityTestCase1" tests="1" failures="0" timestamp="22 Jul 2019 11:55:27 GMT" time="54.911" errors="0">
  <testcase name="BuyOrder" time="54.911" classname="arTestCaseEquity.EquityTestCase1"/>
</testsuite> <!-- arTestCaseEquity.EquityTestCase1 -->
