<?xml version="1.0" encoding="UTF-8"?>
<!-- Generated by org.testng.reporters.JUnitReportReporter -->
<testsuite skipped="0" hostname="DESKTOP-0ILKHG4" name="anandrathiTestCasesFUTCUR.FUTCURTestCase5a" tests="1" failures="0" timestamp="11 Jul 2019 07:55:35 GMT" time="46.471" errors="0">
  <testcase name="BuyOrder" time="46.471" classname="anandrathiTestCasesFUTCUR.FUTCURTestCase5a"/>
</testsuite> <!-- anandrathiTestCasesFUTCUR.FUTCURTestCase5a -->
