<?xml version="1.0" encoding="UTF-8"?>
<!-- Generated by org.testng.reporters.JUnitReportReporter -->
<testsuite skipped="0" hostname="DESKTOP-0ILKHG4" name="anandrathiTestCasesFUTCUR.FUTCURTestCase3b" tests="1" failures="0" timestamp="11 Jul 2019 06:50:32 GMT" time="32.825" errors="0">
  <testcase name="BuyOrder" time="32.825" classname="anandrathiTestCasesFUTCUR.FUTCURTestCase3b"/>
</testsuite> <!-- anandrathiTestCasesFUTCUR.FUTCURTestCase3b -->
