<?xml version="1.0" encoding="UTF-8"?>
<!-- Generated by org.testng.reporters.JUnitReportReporter -->
<testsuite skipped="0" hostname="DESKTOP-0ILKHG4" name="anandrathiTestCasesFUTCUR.FUTCURTestCase7" tests="1" failures="0" timestamp="22 Jul 2019 09:19:55 GMT" time="30.670" errors="0">
  <testcase name="BuyOrder" time="30.670" classname="anandrathiTestCasesFUTCUR.FUTCURTestCase7"/>
</testsuite> <!-- anandrathiTestCasesFUTCUR.FUTCURTestCase7 -->
