<?xml version="1.0" encoding="UTF-8"?>
<!-- Generated by org.testng.reporters.JUnitReportReporter -->
<testsuite skipped="0" hostname="DESKTOP-0ILKHG4" name="arTestCaseEquity.EquityTestCase8" tests="1" failures="0" timestamp="16 Jul 2019 10:00:20 GMT" time="29.766" errors="0">
  <testcase name="SellOrder" time="29.766" classname="arTestCaseEquity.EquityTestCase8"/>
</testsuite> <!-- arTestCaseEquity.EquityTestCase8 -->
