<?xml version="1.0" encoding="UTF-8"?>
<!-- Generated by org.testng.reporters.JUnitReportReporter -->
<testsuite skipped="0" hostname="DESKTOP-0ILKHG4" name="testing.Scrolling" tests="1" failures="0" timestamp="22 Jul 2019 10:54:51 GMT" time="19.375" errors="0">
  <testcase name="BuyOrder" time="19.375" classname="testing.Scrolling"/>
</testsuite> <!-- testing.Scrolling -->
