<?xml version="1.0" encoding="UTF-8"?>
<!-- Generated by org.testng.reporters.JUnitReportReporter -->
<testsuite skipped="0" hostname="DESKTOP-0ILKHG4" name="anandrathiTestCases.TestCase2" tests="1" failures="0" timestamp="01 Jul 2019 10:06:11 GMT" time="50.836" errors="0">
  <testcase name="SellOrder" time="50.836" classname="anandrathiTestCases.TestCase2"/>
</testsuite> <!-- anandrathiTestCases.TestCase2 -->
