<?xml version="1.0" encoding="UTF-8"?>
<!-- Generated by org.testng.reporters.JUnitReportReporter -->
<testsuite skipped="0" hostname="DESKTOP-0ILKHG4" name="anandrathiTestCasesFUTCUR.FUTCURTestCase7b" tests="1" failures="0" timestamp="11 Jul 2019 13:24:41 GMT" time="44.297" errors="0">
  <testcase name="BuyOrder" time="44.297" classname="anandrathiTestCasesFUTCUR.FUTCURTestCase7b"/>
</testsuite> <!-- anandrathiTestCasesFUTCUR.FUTCURTestCase7b -->
