<?xml version="1.0" encoding="UTF-8"?>
<!-- Generated by org.testng.reporters.JUnitReportReporter -->
<testsuite skipped="0" hostname="DESKTOP-0ILKHG4" name="anandrathiTestCasesEquity.EquityTestCase6b" tests="1" failures="0" timestamp="12 Jul 2019 10:09:24 GMT" time="57.667" errors="0">
  <testcase name="BuyOrder" time="57.667" classname="anandrathiTestCasesEquity.EquityTestCase6b"/>
</testsuite> <!-- anandrathiTestCasesEquity.EquityTestCase6b -->
