<?xml version="1.0" encoding="UTF-8"?>
<!-- Generated by org.testng.reporters.JUnitReportReporter -->
<testsuite skipped="0" hostname="DESKTOP-0ILKHG4" name="anandrathiTestCases.TestCase1b" tests="1" failures="0" timestamp="10 Jul 2019 05:55:47 GMT" time="49.804" errors="0">
  <testcase name="SellOrder" time="49.804" classname="anandrathiTestCases.TestCase1b"/>
</testsuite> <!-- anandrathiTestCases.TestCase1b -->
