<?xml version="1.0" encoding="UTF-8"?>
<!-- Generated by org.testng.reporters.JUnitReportReporter -->
<testsuite skipped="0" hostname="DESKTOP-0ILKHG4" name="anandrathiTestCasesFUTCUR.FUTCURTestCase2" tests="1" failures="0" timestamp="16 Jul 2019 11:17:00 GMT" time="49.849" errors="0">
  <testcase name="SellOrder" time="49.849" classname="anandrathiTestCasesFUTCUR.FUTCURTestCase2"/>
</testsuite> <!-- anandrathiTestCasesFUTCUR.FUTCURTestCase2 -->
