<?xml version="1.0" encoding="UTF-8"?>
<!-- Generated by org.testng.reporters.JUnitReportReporter -->
<testsuite skipped="0" hostname="DESKTOP-0ILKHG4" name="arTestCaseEquity.EquityTestCase24" tests="1" failures="0" timestamp="16 Jul 2019 10:00:20 GMT" time="46.005" errors="0">
  <testcase name="BuyOrder" time="46.005" classname="arTestCaseEquity.EquityTestCase24"/>
</testsuite> <!-- arTestCaseEquity.EquityTestCase24 -->
