<?xml version="1.0" encoding="UTF-8"?>
<!-- Generated by org.testng.reporters.JUnitReportReporter -->
<testsuite skipped="0" hostname="DESKTOP-0ILKHG4" name="anandrathiTestCasesEquity.EquityTestCase5b" tests="1" failures="0" timestamp="12 Jul 2019 10:13:27 GMT" time="59.442" errors="0">
  <testcase name="BuyOrder" time="59.442" classname="anandrathiTestCasesEquity.EquityTestCase5b"/>
</testsuite> <!-- anandrathiTestCasesEquity.EquityTestCase5b -->
