<?xml version="1.0" encoding="UTF-8"?>
<!-- Generated by org.testng.reporters.JUnitReportReporter -->
<testsuite skipped="0" hostname="DESKTOP-0ILKHG4" name="anandrathiTestCasesFUTCUR.FUTCURTestCase3a" tests="1" failures="0" timestamp="11 Jul 2019 06:43:07 GMT" time="30.437" errors="0">
  <testcase name="BuyOrder" time="30.437" classname="anandrathiTestCasesFUTCUR.FUTCURTestCase3a"/>
</testsuite> <!-- anandrathiTestCasesFUTCUR.FUTCURTestCase3a -->
