<?xml version="1.0" encoding="UTF-8"?>
<!-- Generated by org.testng.reporters.JUnitReportReporter -->
<testsuite skipped="0" hostname="DESKTOP-0ILKHG4" name="anandrathiTestCasesEquity.EquityTestCase3a" tests="1" failures="0" timestamp="12 Jul 2019 08:27:58 GMT" time="51.117" errors="0">
  <testcase name="BuyOrder" time="51.117" classname="anandrathiTestCasesEquity.EquityTestCase3a"/>
</testsuite> <!-- anandrathiTestCasesEquity.EquityTestCase3a -->
