<?xml version="1.0" encoding="UTF-8"?>
<!-- Generated by org.testng.reporters.JUnitReportReporter -->
<testsuite skipped="0" hostname="DESKTOP-0ILKHG4" name="anandrathiTestCasesEquity.EquityTestCase9b" tests="1" failures="0" timestamp="12 Jul 2019 12:19:04 GMT" time="52.348" errors="0">
  <testcase name="BuyOrder" time="52.348" classname="anandrathiTestCasesEquity.EquityTestCase9b"/>
</testsuite> <!-- anandrathiTestCasesEquity.EquityTestCase9b -->
