<?xml version="1.0" encoding="UTF-8"?>
<!-- Generated by org.testng.reporters.JUnitReportReporter -->
<testsuite skipped="0" hostname="DESKTOP-0ILKHG4" name="arTestCaseFUTSTK.FUTSTKTestCase15" tests="1" failures="0" timestamp="24 Jul 2019 13:46:36 GMT" time="32.493" errors="0">
  <testcase name="BuyOrder" time="32.493" classname="arTestCaseFUTSTK.FUTSTKTestCase15"/>
</testsuite> <!-- arTestCaseFUTSTK.FUTSTKTestCase15 -->
