<?xml version="1.0" encoding="UTF-8"?>
<!-- Generated by org.testng.reporters.JUnitReportReporter -->
<testsuite skipped="0" hostname="DESKTOP-0ILKHG4" name="arTestCaseFUTSTK.FUTSTKTestCase18" tests="1" failures="0" timestamp="24 Jul 2019 13:46:36 GMT" time="49.250" errors="0">
  <testcase name="SellOrder" time="49.250" classname="arTestCaseFUTSTK.FUTSTKTestCase18"/>
</testsuite> <!-- arTestCaseFUTSTK.FUTSTKTestCase18 -->
