<?xml version="1.0" encoding="UTF-8"?>
<!-- Generated by org.testng.reporters.JUnitReportReporter -->
<testsuite skipped="0" hostname="DESKTOP-0ILKHG4" name="anandrathiTestCases.TestCase4a" tests="1" failures="0" timestamp="10 Jul 2019 09:18:18 GMT" time="28.317" errors="0">
  <testcase name="BuyOrder" time="28.317" classname="anandrathiTestCases.TestCase4a"/>
</testsuite> <!-- anandrathiTestCases.TestCase4a -->
