<?xml version="1.0" encoding="UTF-8"?>
<!-- Generated by org.testng.reporters.JUnitReportReporter -->
<testsuite skipped="0" hostname="DESKTOP-0ILKHG4" name="arTestCaseEquity.EquityTestCase11" tests="1" failures="0" timestamp="16 Jul 2019 10:00:20 GMT" time="51.077" errors="0">
  <testcase name="BuyOrder" time="51.077" classname="arTestCaseEquity.EquityTestCase11"/>
</testsuite> <!-- arTestCaseEquity.EquityTestCase11 -->
