<?xml version="1.0" encoding="UTF-8"?>
<!-- Generated by org.testng.reporters.JUnitReportReporter -->
<testsuite skipped="0" hostname="DESKTOP-0ILKHG4" name="anandrathiTestCasesEquity.EquityTestCase3b" tests="1" failures="0" timestamp="12 Jul 2019 08:33:30 GMT" time="47.718" errors="0">
  <testcase name="BuyOrder" time="47.718" classname="anandrathiTestCasesEquity.EquityTestCase3b"/>
</testsuite> <!-- anandrathiTestCasesEquity.EquityTestCase3b -->
