<?xml version="1.0" encoding="UTF-8"?>
<!-- Generated by org.testng.reporters.JUnitReportReporter -->
<testsuite skipped="0" hostname="DESKTOP-0ILKHG4" name="anandrathiTestCases.TestCase1" tests="1" failures="0" timestamp="01 Jul 2019 09:52:27 GMT" time="50.982" errors="0">
  <testcase name="PlacingOrder" time="50.982" classname="anandrathiTestCases.TestCase1"/>
</testsuite> <!-- anandrathiTestCases.TestCase1 -->
